<?xml version="1.0" encoding="UTF-8" standalone="no"?>
<testsuite errors="0" failures="1" name="io.cucumber.core.plugin.JUnitFormatter" skipped="0" tests="3" time="101.045">
    <testcase classname="NewSCD functional test" name="verify title of new SCD login page" time="12.654">
        <system-out><![CDATA[Given launch new SCD url....................................................passed
When check title of login page..............................................passed
Then verify actual title with expected title of New SCD login page..........passed
]]></system-out>
    </testcase>
    <testcase classname="NewSCD functional test" name="After saving new password for newly created user relogin with new credentials" time="10.222">
        <system-out><![CDATA[Given relogin with new credentials of newly created user....................passed
When click on sign in button................................................passed
Then user is on New SCD homepage............................................passed
]]></system-out>
    </testcase>
    <testcase classname="NewSCD functional test" name="Assign Binder to Verification" time="77.757">
        <failure message="Cannot invoke &quot;org.openqa.selenium.winium.WiniumDriver.findElement(org.openqa.selenium.By)&quot; because &quot;pageClass.RunDestopFunctionality.Windriver&quot; is null" type="java.lang.NullPointerException"><![CDATA[Given login New SCD with Verifier...........................................passed
When Search for a Binder....................................................failed
Then click on Open Binder button............................................skipped

StackTrace:
java.lang.NullPointerException: Cannot invoke "org.openqa.selenium.winium.WiniumDriver.findElement(org.openqa.selenium.By)" because "pageClass.RunDestopFunctionality.Windriver" is null
	at pageClass.RunDestopFunctionality.ProcessWorkflow(RunDestopFunctionality.java:28)
	at stepdefinition.OpenBinderWithVerifierLogin.Search_for_a_Binder(OpenBinderWithVerifierLogin.java:34)
	at ✽.Search for a Binder(file:///C:/Users/Deepak.Badgotya/eclipse-workspace/NewSCD/src/test/java/feature/NewSCDLoginFeature.feature:97)
]]></failure>
    </testcase>
</testsuite>
