<?xml version="1.0" encoding="UTF-8" standalone="no"?>
<testsuite errors="0" failures="0" name="io.cucumber.core.plugin.JUnitFormatter" skipped="0" tests="3" time="146.912">
    <testcase classname="NewSCD functional test" name="verify title of new SCD login page" time="11.892">
        <system-out><![CDATA[Given launch new SCD url....................................................passed
When check title of login page..............................................passed
Then verify actual title with expected title of New SCD login page..........passed
]]></system-out>
    </testcase>
    <testcase classname="NewSCD functional test" name="After saving new password for newly created user relogin with new credentials" time="11.477">
        <system-out><![CDATA[Given relogin with new credentials of newly created user....................passed
When click on sign in button................................................passed
Then user is on New SCD homepage............................................passed
]]></system-out>
    </testcase>
    <testcase classname="NewSCD functional test" name="Assign Binder to Team Lead" time="123.115">
        <system-out><![CDATA[Given login New SCD with Verification Manager...............................passed
And click on NewSCD Activity button.........................................passed
When Search for Manager Assignment queue link and click on it...............passed
And Click on Add Team Leads link............................................passed
And Add Team Lead into Team Lead List pane..................................passed
And Select an UnAssigned Binder and select Team Lead........................passed
Then click on Assign button.................................................passed
]]></system-out>
    </testcase>
</testsuite>
