<?xml version="1.0" encoding="UTF-8" standalone="no"?>
<testsuite errors="0" failures="0" name="io.cucumber.core.plugin.JUnitFormatter" skipped="0" tests="8" time="544.236">
    <testcase classname="NewSCD functional test" name="verify title of new SCD login page" time="12.376">
        <system-out><![CDATA[Given launch new SCD url....................................................passed
When check title of login page..............................................passed
Then verify actual title with expected title of New SCD login page..........passed
]]></system-out>
    </testcase>
    <testcase classname="NewSCD functional test" name="verify new SCD login functionalty with Negative Login Credentials" time="29.495">
        <system-out><![CDATA[Given user click on New SCD username text field.............................passed
When user enters invalid username and password..............................passed
And click on sign in button to login into New SCD...........................passed
And user refresh the login page.............................................passed
Then user enters valid username and password................................passed
And user click on sign in button to login into New SCD......................passed
]]></system-out>
    </testcase>
    <testcase classname="NewSCD functional test" name="Create New User" time="59.879">
        <system-out><![CDATA[Given click on expand button................................................passed
When click on user management...............................................passed
Then click on create new user...............................................passed
And enter details in create user form and save..............................passed
Then click on logout button.................................................passed
]]></system-out>
    </testcase>
    <testcase classname="NewSCD functional test" name="Newly created user login along with answering  security questions &amp; new password setting" time="48.477">
        <system-out><![CDATA[Given login with newly created user login credentials.......................passed
And Answer All Security questions...........................................passed
When enter new password and confirm password................................passed
And click on submit button..................................................passed
Then redirect to New SCD Login Window.......................................passed
]]></system-out>
    </testcase>
    <testcase classname="NewSCD functional test" name="After saving new password for newly created user relogin with new credentials" time="9.668">
        <system-out><![CDATA[Given relogin with new credentials of newly created user....................passed
When click on sign in button................................................passed
Then user is on New SCD homepage............................................passed
]]></system-out>
    </testcase>
    <testcase classname="NewSCD functional test" name="Assign Binder to Team Lead" time="177.471">
        <system-out><![CDATA[Given login New SCD with Verification Manager...............................passed
And click on NewSCD Activity button.........................................passed
When Search for Manager Assignment queue link and click on it...............passed
And Click on Add Team Leads link............................................passed
And Add Team Lead into Team Lead List pane..................................passed
And Select an UnAssigned Binder and select Team Lead........................passed
Then click on Assign button.................................................passed
]]></system-out>
    </testcase>
    <testcase classname="NewSCD functional test" name="Assign Binder to Verification" time="131.604">
        <system-out><![CDATA[Given login New SCD with Verification Team Lead.............................passed
And click on Activity button................................................passed
When Search for Team Lead Assignment queue link and click on it.............passed
And Click on Add Verifiers link.............................................passed
And Add Verifier into Verifier List pane....................................passed
And Select an UnAssigned Binder and select Verifier.........................passed
Then click on Binder Assignment button......................................passed
]]></system-out>
    </testcase>
    <testcase classname="NewSCD functional test" name="Assign Binder to Verification 2" time="74.731">
        <system-out><![CDATA[Given login New SCD with Verifier...........................................passed
When Search for a Binder....................................................passed
Then click on Open Binder button............................................passed
]]></system-out>
    </testcase>
</testsuite>
