<?xml version="1.0" encoding="UTF-8" standalone="no"?>
<testsuite errors="0" failures="0" name="io.cucumber.core.plugin.JUnitFormatter" skipped="0" tests="3" time="168.967">
    <testcase classname="NewSCD functional test" name="verify title of new SCD login page" time="11.117">
        <system-out><![CDATA[Given launch new SCD url....................................................passed
When check title of login page..............................................passed
Then verify actual title with expected title of New SCD login page..........passed
]]></system-out>
    </testcase>
    <testcase classname="NewSCD functional test" name="verify new SCD login functionalty with Negative Login Credentials" time="25.653">
        <system-out><![CDATA[Given user click on New SCD username text field.............................passed
When user enters invalid username and password..............................passed
And click on sign in button to login into New SCD...........................passed
And user refresh the login page.............................................passed
Then user enters valid username and password................................passed
And user click on sign in button to login into New SCD......................passed
]]></system-out>
    </testcase>
    <testcase classname="NewSCD functional test" name="From Admin login Edit a user details" time="131.789">
        <system-out><![CDATA[Given login New SCD with Admin User.........................................passed
And click on NewSCD user management.........................................passed
When Search for a user and click on three dots against a user...............passed
And select option edit user.................................................passed
And edit user details.......................................................passed
And save the edited user details............................................passed
Then check edited details are saved successfully............................passed
]]></system-out>
    </testcase>
</testsuite>
