<?xml version="1.0" encoding="UTF-8" standalone="no"?>
<testsuite errors="0" failures="0" name="io.cucumber.core.plugin.JUnitFormatter" skipped="0" tests="5" time="181.679">
    <testcase classname="NewSCD functional test" name="verify title of new SCD login page" time="22.408">
        <system-out><![CDATA[Given launch new SCD url....................................................passed
When check title of login page..............................................passed
Then verify actual title with expected title of New SCD login page..........passed
]]></system-out>
    </testcase>
    <testcase classname="NewSCD functional test" name="verify new SCD login functionalty with Negative Login Credentials" time="34.312">
        <system-out><![CDATA[Given user click on New SCD username text field.............................passed
When user enters invalid username and password..............................passed
And click on sign in button to login into New SCD...........................passed
And user refresh the login page.............................................passed
Then user enters valid username and password................................passed
And user click on sign in button to login into New SCD......................passed
]]></system-out>
    </testcase>
    <testcase classname="NewSCD functional test" name="Create New User" time="61.543">
        <system-out><![CDATA[Given click on expand button................................................passed
When click on user management...............................................passed
Then click on create new user...............................................passed
And enter details in create user form and save..............................passed
Then click on logout button.................................................passed
]]></system-out>
    </testcase>
    <testcase classname="NewSCD functional test" name="Newly created user login along with answering  security questions &amp; new password setting" time="53.232">
        <system-out><![CDATA[Given login with newly created user login credentials.......................passed
And Answer All Security questions...........................................passed
When enter new password and confirm password................................passed
And click on submit button..................................................passed
Then redirect to New SCD Login Window.......................................passed
]]></system-out>
    </testcase>
    <testcase classname="NewSCD functional test" name="After saving new password for newly created user relogin with new credentials" time="9.698">
        <system-out><![CDATA[Given relogin with new credentials of newly created user....................passed
When click on sign in button................................................passed
Then user is on New SCD homepage............................................passed
]]></system-out>
    </testcase>
</testsuite>
