<?xml version="1.0" encoding="UTF-8" standalone="no"?>
<testsuite errors="0" failures="2" name="io.cucumber.core.plugin.JUnitFormatter" skipped="0" tests="5" time="155.174">
    <testcase classname="NewSCD functional test" name="verify title of new SCD login page" time="10.974">
        <system-out><![CDATA[Given launch new SCD url....................................................passed
When check title of login page..............................................passed
Then verify actual title with expected title of New SCD login page..........passed
]]></system-out>
    </testcase>
    <testcase classname="NewSCD functional test" name="verify new SCD login functionalty with Negative Login Credentials" time="26.249">
        <system-out><![CDATA[Given user click on New SCD username text field.............................passed
When user enters invalid username and password..............................passed
And click on sign in button to login into New SCD...........................passed
And user refresh the login page.............................................passed
Then user enters valid username and password................................passed
And user click on sign in button to login into New SCD......................passed
]]></system-out>
    </testcase>
    <testcase classname="NewSCD functional test" name="Create New User" time="57.172">
        <system-out><![CDATA[Given click on expand button................................................passed
When click on user management...............................................passed
Then click on create new user...............................................passed
And enter details in create user form and save..............................passed
Then click on logout button.................................................passed
]]></system-out>
    </testcase>
    <testcase classname="NewSCD functional test" name="Newly created user login along with answering  security questions &amp; new password setting" time="30.178">
        <failure message="no such element: Unable to locate element: {&quot;method&quot;:&quot;css selector&quot;,&quot;selector&quot;:&quot;#LoginRequest_UserName&quot;}&#10;  (Session info: chrome=92.0.4515.107)&#10;For documentation on this error, please visit: https://www.seleniumhq.org/exceptions/no_such_element.html&#10;Build info: version: '3.141.59', revision: 'e82be7d358', time: '2018-11-14T08:25:48'&#10;System info: host: 'WIN10-SPBA33', ip: '10.2.10.168', os.name: 'Windows 10', os.arch: 'amd64', os.version: '10.0', java.version: '15.0.1'&#10;Driver info: org.openqa.selenium.chrome.ChromeDriver&#10;Capabilities {acceptInsecureCerts: false, browserName: chrome, browserVersion: 92.0.4515.107, chrome: {chromedriverVersion: 92.0.4515.43 (8c61b7e2989f2..., userDataDir: C:\Users\DEEPAK~1.BAD\AppDa...}, goog:chromeOptions: {debuggerAddress: localhost:2151}, javascriptEnabled: true, networkConnectionEnabled: false, pageLoadStrategy: normal, platform: WINDOWS, platformName: WINDOWS, proxy: Proxy(), setWindowRect: true, strictFileInteractability: false, timeouts: {implicit: 0, pageLoad: 300000, script: 30000}, unhandledPromptBehavior: dismiss and notify, webauthn:extension:credBlob: true, webauthn:extension:largeBlob: true, webauthn:virtualAuthenticators: true}&#10;Session ID: 4c11a054045bd19368bc89c150f5d74d&#10;*** Element info: {Using=id, value=LoginRequest_UserName}" type="org.openqa.selenium.NoSuchElementException"><![CDATA[Given login with newly created user login credentials.......................failed
And Answer All Security questions...........................................skipped
When enter new password and confirm password................................skipped
And click on submit button..................................................skipped
Then redirect to New SCD Login Window.......................................skipped

StackTrace:
org.openqa.selenium.NoSuchElementException: no such element: Unable to locate element: {"method":"css selector","selector":"#LoginRequest_UserName"}
  (Session info: chrome=92.0.4515.107)
For documentation on this error, please visit: https://www.seleniumhq.org/exceptions/no_such_element.html
Build info: version: '3.141.59', revision: 'e82be7d358', time: '2018-11-14T08:25:48'
System info: host: 'WIN10-SPBA33', ip: '10.2.10.168', os.name: 'Windows 10', os.arch: 'amd64', os.version: '10.0', java.version: '15.0.1'
Driver info: org.openqa.selenium.chrome.ChromeDriver
Capabilities {acceptInsecureCerts: false, browserName: chrome, browserVersion: 92.0.4515.107, chrome: {chromedriverVersion: 92.0.4515.43 (8c61b7e2989f2..., userDataDir: C:\Users\DEEPAK~1.BAD\AppDa...}, goog:chromeOptions: {debuggerAddress: localhost:2151}, javascriptEnabled: true, networkConnectionEnabled: false, pageLoadStrategy: normal, platform: WINDOWS, platformName: WINDOWS, proxy: Proxy(), setWindowRect: true, strictFileInteractability: false, timeouts: {implicit: 0, pageLoad: 300000, script: 30000}, unhandledPromptBehavior: dismiss and notify, webauthn:extension:credBlob: true, webauthn:extension:largeBlob: true, webauthn:virtualAuthenticators: true}
Session ID: 4c11a054045bd19368bc89c150f5d74d
*** Element info: {Using=id, value=LoginRequest_UserName}
	at java.base/jdk.internal.reflect.NativeConstructorAccessorImpl.newInstance0(Native Method)
	at java.base/jdk.internal.reflect.NativeConstructorAccessorImpl.newInstance(NativeConstructorAccessorImpl.java:64)
	at java.base/jdk.internal.reflect.DelegatingConstructorAccessorImpl.newInstance(DelegatingConstructorAccessorImpl.java:45)
	at java.base/java.lang.reflect.Constructor.newInstanceWithCaller(Constructor.java:500)
	at java.base/java.lang.reflect.Constructor.newInstance(Constructor.java:481)
	at org.openqa.selenium.remote.http.W3CHttpResponseCodec.createException(W3CHttpResponseCodec.java:187)
	at org.openqa.selenium.remote.http.W3CHttpResponseCodec.decode(W3CHttpResponseCodec.java:122)
	at org.openqa.selenium.remote.http.W3CHttpResponseCodec.decode(W3CHttpResponseCodec.java:49)
	at org.openqa.selenium.remote.HttpCommandExecutor.execute(HttpCommandExecutor.java:158)
	at org.openqa.selenium.remote.service.DriverCommandExecutor.execute(DriverCommandExecutor.java:83)
	at org.openqa.selenium.remote.RemoteWebDriver.execute(RemoteWebDriver.java:552)
	at org.openqa.selenium.remote.RemoteWebDriver.findElement(RemoteWebDriver.java:323)
	at org.openqa.selenium.remote.RemoteWebDriver.findElementById(RemoteWebDriver.java:372)
	at org.openqa.selenium.By$ById.findElement(By.java:188)
	at org.openqa.selenium.remote.RemoteWebDriver.findElement(RemoteWebDriver.java:315)
	at org.openqa.selenium.support.pagefactory.DefaultElementLocator.findElement(DefaultElementLocator.java:69)
	at org.openqa.selenium.support.pagefactory.internal.LocatingElementHandler.invoke(LocatingElementHandler.java:38)
	at com.sun.proxy.$Proxy20.sendKeys(Unknown Source)
	at pageClass.NewlyCreatedUserLogin.VerifyNewUserScdLogin(NewlyCreatedUserLogin.java:59)
	at stepdefinition.NewlyCreatedUserLog.login_with_newly_created_user_login_credentials(NewlyCreatedUserLog.java:15)
	at ✽.login with newly created user login credentials(classpath:feature/NewSCDLoginFeature.feature:39)
]]></failure>
    </testcase>
    <testcase classname="NewSCD functional test" name="After saving new password for newly created user relogin with new credentials" time="30.195">
        <failure message="no such element: Unable to locate element: {&quot;method&quot;:&quot;css selector&quot;,&quot;selector&quot;:&quot;#LoginRequest_UserName&quot;}&#10;  (Session info: chrome=92.0.4515.107)&#10;For documentation on this error, please visit: https://www.seleniumhq.org/exceptions/no_such_element.html&#10;Build info: version: '3.141.59', revision: 'e82be7d358', time: '2018-11-14T08:25:48'&#10;System info: host: 'WIN10-SPBA33', ip: '10.2.10.168', os.name: 'Windows 10', os.arch: 'amd64', os.version: '10.0', java.version: '15.0.1'&#10;Driver info: org.openqa.selenium.chrome.ChromeDriver&#10;Capabilities {acceptInsecureCerts: false, browserName: chrome, browserVersion: 92.0.4515.107, chrome: {chromedriverVersion: 92.0.4515.43 (8c61b7e2989f2..., userDataDir: C:\Users\DEEPAK~1.BAD\AppDa...}, goog:chromeOptions: {debuggerAddress: localhost:2151}, javascriptEnabled: true, networkConnectionEnabled: false, pageLoadStrategy: normal, platform: WINDOWS, platformName: WINDOWS, proxy: Proxy(), setWindowRect: true, strictFileInteractability: false, timeouts: {implicit: 0, pageLoad: 300000, script: 30000}, unhandledPromptBehavior: dismiss and notify, webauthn:extension:credBlob: true, webauthn:extension:largeBlob: true, webauthn:virtualAuthenticators: true}&#10;Session ID: 4c11a054045bd19368bc89c150f5d74d&#10;*** Element info: {Using=id, value=LoginRequest_UserName}" type="org.openqa.selenium.NoSuchElementException"><![CDATA[Given relogin with new credentials of newly created user....................failed
When click on sign in button................................................skipped
Then user is on New SCD homepage............................................skipped

StackTrace:
org.openqa.selenium.NoSuchElementException: no such element: Unable to locate element: {"method":"css selector","selector":"#LoginRequest_UserName"}
  (Session info: chrome=92.0.4515.107)
For documentation on this error, please visit: https://www.seleniumhq.org/exceptions/no_such_element.html
Build info: version: '3.141.59', revision: 'e82be7d358', time: '2018-11-14T08:25:48'
System info: host: 'WIN10-SPBA33', ip: '10.2.10.168', os.name: 'Windows 10', os.arch: 'amd64', os.version: '10.0', java.version: '15.0.1'
Driver info: org.openqa.selenium.chrome.ChromeDriver
Capabilities {acceptInsecureCerts: false, browserName: chrome, browserVersion: 92.0.4515.107, chrome: {chromedriverVersion: 92.0.4515.43 (8c61b7e2989f2..., userDataDir: C:\Users\DEEPAK~1.BAD\AppDa...}, goog:chromeOptions: {debuggerAddress: localhost:2151}, javascriptEnabled: true, networkConnectionEnabled: false, pageLoadStrategy: normal, platform: WINDOWS, platformName: WINDOWS, proxy: Proxy(), setWindowRect: true, strictFileInteractability: false, timeouts: {implicit: 0, pageLoad: 300000, script: 30000}, unhandledPromptBehavior: dismiss and notify, webauthn:extension:credBlob: true, webauthn:extension:largeBlob: true, webauthn:virtualAuthenticators: true}
Session ID: 4c11a054045bd19368bc89c150f5d74d
*** Element info: {Using=id, value=LoginRequest_UserName}
	at java.base/jdk.internal.reflect.NativeConstructorAccessorImpl.newInstance0(Native Method)
	at java.base/jdk.internal.reflect.NativeConstructorAccessorImpl.newInstance(NativeConstructorAccessorImpl.java:64)
	at java.base/jdk.internal.reflect.DelegatingConstructorAccessorImpl.newInstance(DelegatingConstructorAccessorImpl.java:45)
	at java.base/java.lang.reflect.Constructor.newInstanceWithCaller(Constructor.java:500)
	at java.base/java.lang.reflect.Constructor.newInstance(Constructor.java:481)
	at org.openqa.selenium.remote.http.W3CHttpResponseCodec.createException(W3CHttpResponseCodec.java:187)
	at org.openqa.selenium.remote.http.W3CHttpResponseCodec.decode(W3CHttpResponseCodec.java:122)
	at org.openqa.selenium.remote.http.W3CHttpResponseCodec.decode(W3CHttpResponseCodec.java:49)
	at org.openqa.selenium.remote.HttpCommandExecutor.execute(HttpCommandExecutor.java:158)
	at org.openqa.selenium.remote.service.DriverCommandExecutor.execute(DriverCommandExecutor.java:83)
	at org.openqa.selenium.remote.RemoteWebDriver.execute(RemoteWebDriver.java:552)
	at org.openqa.selenium.remote.RemoteWebDriver.findElement(RemoteWebDriver.java:323)
	at org.openqa.selenium.remote.RemoteWebDriver.findElementById(RemoteWebDriver.java:372)
	at org.openqa.selenium.By$ById.findElement(By.java:188)
	at org.openqa.selenium.remote.RemoteWebDriver.findElement(RemoteWebDriver.java:315)
	at org.openqa.selenium.support.pagefactory.DefaultElementLocator.findElement(DefaultElementLocator.java:69)
	at org.openqa.selenium.support.pagefactory.internal.LocatingElementHandler.invoke(LocatingElementHandler.java:38)
	at com.sun.proxy.$Proxy20.sendKeys(Unknown Source)
	at pageClass.NewlyCreatedUserLogin.VerifyNewUserLoginWithConfirmPass(NewlyCreatedUserLogin.java:171)
	at stepdefinition.NewlyCreatedUserLog.relogin_with_new_credentials_of_newly_created_user(NewlyCreatedUserLog.java:42)
	at ✽.relogin with new credentials of newly created user(classpath:feature/NewSCDLoginFeature.feature:48)
]]></failure>
    </testcase>
</testsuite>
